SQLSTATE[42S02]: Base table or view not found: 1146 Table 'shop_best.ash_product' doesn't exist
[SQL]SELECT * FROM ash_product WHERE 1=1  and pro_url='1004D35001_20.html' limit 1
SQLSTATE[42S02]: Base table or view not found: 1146 Table 'shop_best.ash_product' doesn't exist
[SQL]SELECT * FROM ash_product WHERE 1=1  and pro_url='item_1004D35001_20.html' limit 1
SQLSTATE[42S02]: Base table or view not found: 1146 Table 'shop_best.god_order' doesn't exist
[SQL]SELECT * FROM god_order WHERE 1=1 and ord_id = 100002
SQLSTATE[42S02]: Base table or view not found: 1146 Table 'shop_best.usr_users' doesn't exist
[SQL]SELECT * FROM usr_users WHERE 1=1 and usr_id = 0
SQLSTATE[42S02]: Base table or view not found: 1146 Table 'shop_best.usr_users' doesn't exist
[SQL]SELECT * FROM usr_users WHERE 1=1 and usr_id = 0
SQLSTATE[42S02]: Base table or view not found: 1146 Table 'shop_best.god_order' doesn't exist
[SQL]SELECT count(*) as kc FROM god_order WHERE 1=1 and ord_buy_id = 0 and ord_status = 3
SQLSTATE[42S02]: Base table or view not found: 1146 Table 'shop_best.god_order' doesn't exist
[SQL]SELECT count(*) as kc FROM god_order WHERE 1=1 and ord_buy_id = 0 and ord_status = 0
SQLSTATE[42S02]: Base table or view not found: 1146 Table 'shop_best.god_order' doesn't exist
[SQL]SELECT count(*) as kc FROM god_order WHERE 1=1 and ord_u_id = 0 and ord_status = 0
SQLSTATE[42S02]: Base table or view not found: 1146 Table 'shop_best.god_order' doesn't exist
[SQL]SELECT * FROM god_order WHERE 1=1 and ord_u_id = 0 and ord_id = 0
SQLSTATE[42S02]: Base table or view not found: 1146 Table 'shop_best.god_order' doesn't exist
[SQL]SELECT * FROM god_order WHERE 1=1 and ord_u_id = 0 and ord_id = 0
SQLSTATE[42S02]: Base table or view not found: 1146 Table 'shop_best.usr_coll_pro' doesn't exist
[SQL]DELETE FROM usr_coll_pro WHERE 1=1  AND ucp_pro_id=21 AND ucp_usr_id=1
SQLSTATE[42S02]: Base table or view not found: 1146 Table 'shop_best.usr_coll_pro' doesn't exist
[SQL]DELETE FROM usr_coll_pro WHERE 1=1  AND ucp_pro_id=21 AND ucp_usr_id=1
SQLSTATE[42S02]: Base table or view not found: 1146 Table 'shop_best.my_search_history' doesn't exist
[SQL]SELECT count(*) as count FROM my_search_history join my_product on hty_keyword = pro_id and hty_type=1 WHERE 1=1  AND hty_usr_id=1 GROUP BY pro_id
SQLSTATE[42S22]: Column not found: 1054 Unknown column 'sc_pro_id' in 'on clause'
[SQL]SELECT count(*) as count FROM sh_user_view join sh_product on sc_pro_id = pro_id WHERE 1=1  AND sv_u_id=1 GROUP BY pro_id
SQLSTATE[42S22]: Column not found: 1054 Unknown column 'sc_pro_id' in 'on clause'
[SQL]SELECT count(*) as count FROM sh_user_view join sh_product on sc_pro_id = pro_id WHERE 1=1  AND sv_u_id=1 GROUP BY pro_id
SQLSTATE[42S22]: Column not found: 1054 Unknown column 'sc_pro_id' in 'on clause'
[SQL]SELECT count(*) as count FROM sh_user_view join sh_product on sc_pro_id = pro_id WHERE 1=1  AND sv_u_id=1 GROUP BY sv_pro_id
SQLSTATE[42S22]: Column not found: 1054 Unknown column 'sc_pro_id' in 'on clause'
[SQL]SELECT count(*) as count FROM sh_user_view join sh_product on sc_pro_id = pro_id WHERE 1=1  AND sv_u_id=1 GROUP BY sv_pro_id
SQLSTATE[42S22]: Column not found: 1054 Unknown column 'car_u_id' in 'where clause'
[SQL]SELECT sv_id FROM sh_user_view WHERE 1=1  and car_u_id=1 and sv_pro_id=19
SQLSTATE[42S22]: Column not found: 1054 Unknown column 'ucp_id' in 'field list'
[SQL]SELECT ucp_id FROM sh_user_coll WHERE 1=1  AND sc_pro_id=19 AND sc_u_id=1
SQLSTATE[42S22]: Column not found: 1054 Unknown column 'ord_id' in 'where clause'
[SQL]UPDATE sh_order_product SET ord_pay_info='ddd' WHERE 1 and ord_id = 100002 
SQLSTATE[42000]: Syntax error or access violation: 1064 You have an error in your SQL syntax; check the manual that corresponds to your MySQL server version for the right syntax to use near ',,1,1,1,1,1,1,1)' at line 1
[SQL]SELECT u_id,u_name FROM sh_user WHERE 1=1  and u_id in(,,,1,1,1,1,1,1,1)
SQLSTATE[42000]: Syntax error or access violation: 1064 You have an error in your SQL syntax; check the manual that corresponds to your MySQL server version for the right syntax to use near ',,1,1)' at line 1
[SQL]SELECT u_id,u_name FROM sh_user WHERE 1=1  and u_id in(1,1,1,1,1,,,,1,1)
SQLSTATE[42000]: Syntax error or access violation: 1064 You have an error in your SQL syntax; check the manual that corresponds to your MySQL server version for the right syntax to use near ',,1,1)' at line 1
[SQL]SELECT u_id,u_name FROM sh_user WHERE 1=1  and u_id in(1,1,1,1,1,,,,1,1)
SQLSTATE[42000]: Syntax error or access violation: 1064 You have an error in your SQL syntax; check the manual that corresponds to your MySQL server version for the right syntax to use near '=<=0' at line 1
[SQL]SELECT ord_id FROM sh_order WHERE 1=1  and ord_id in(2) and ord_status=<=0
SQLSTATE[42000]: Syntax error or access violation: 1064 You have an error in your SQL syntax; check the manual that corresponds to your MySQL server version for the right syntax to use near '=<=0' at line 1
[SQL]SELECT ord_id FROM sh_order WHERE 1=1  and ord_id in(2) and ord_status=<=0
SQLSTATE[42000]: Syntax error or access violation: 1064 You have an error in your SQL syntax; check the manual that corresponds to your MySQL server version for the right syntax to use near '=<=0' at line 1
[SQL]SELECT ord_id FROM sh_order WHERE 1=1  and ord_id in(2) and ord_status=<=0
