SQLSTATE[42S02]: Base table or view not found: 1146 Table 'shop_temp.sh_order' doesn't exist
[SQL]SELECT orp_pro_id,count(1) count FROM sh_order left join sh_order_product on ord_id=orp_ord_id inner join sh_product on pro_id=orp_pro_id WHERE 1=1  and ord_status>0 group by orp_pro_id order by count desc limit 10
SQLSTATE[42S02]: Base table or view not found: 1146 Table 'shop_temp.sh_order' doesn't exist
[SQL]SELECT orp_pro_id,count(1) count FROM sh_order left join sh_order_product on ord_id=orp_ord_id inner join sh_product on pro_id=orp_pro_id WHERE 1=1  and ord_status>0 group by orp_pro_id order by count desc limit 10
SQLSTATE[42S02]: Base table or view not found: 1146 Table 'shop_temp.sh_order' doesn't exist
[SQL]SELECT orp_pro_id,count(1) count FROM sh_order left join sh_order_product on ord_id=orp_ord_id inner join sh_product on pro_id=orp_pro_id WHERE 1=1  and ord_status>0 group by orp_pro_id order by count desc limit 10
SQLSTATE[42S02]: Base table or view not found: 1146 Table 'shop_temp.sh_order' doesn't exist
[SQL]SELECT orp_pro_id,count(1) count FROM sh_order left join sh_order_product on ord_id=orp_ord_id inner join sh_product on pro_id=orp_pro_id WHERE 1=1  and ord_status>0 group by orp_pro_id order by count desc limit 10
SQLSTATE[42S02]: Base table or view not found: 1146 Table 'shop_temp.sh_order' doesn't exist
[SQL]SELECT orp_pro_id,count(1) count FROM sh_order left join sh_order_product on ord_id=orp_ord_id inner join sh_product on pro_id=orp_pro_id WHERE 1=1  and ord_status>0 group by orp_pro_id order by count desc limit 10
SQLSTATE[42S02]: Base table or view not found: 1146 Table 'shop_temp.sh_order' doesn't exist
[SQL]SELECT orp_pro_id,count(1) count FROM sh_order left join sh_order_product on ord_id=orp_ord_id inner join sh_product on pro_id=orp_pro_id WHERE 1=1  and ord_status>0 group by orp_pro_id order by count desc limit 10
SQLSTATE[42S02]: Base table or view not found: 1146 Table 'shop_temp.sh_order' doesn't exist
[SQL]SELECT orp_pro_id,count(1) count FROM sh_order left join sh_order_product on ord_id=orp_ord_id inner join sh_product on pro_id=orp_pro_id WHERE 1=1  and ord_status>0 group by orp_pro_id order by count desc limit 10
SQLSTATE[42S02]: Base table or view not found: 1146 Table 'shop_temp.sh_order' doesn't exist
[SQL]SELECT orp_pro_id,count(1) count FROM sh_order left join sh_order_product on ord_id=orp_ord_id inner join sh_product on pro_id=orp_pro_id WHERE 1=1  and ord_status>0 group by orp_pro_id order by count desc limit 10
SQLSTATE[42S02]: Base table or view not found: 1146 Table 'shop_temp.sh_order' doesn't exist
[SQL]SELECT orp_pro_id,count(1) count FROM sh_order left join sh_order_product on ord_id=orp_ord_id inner join sh_product on pro_id=orp_pro_id WHERE 1=1  and ord_status>0 group by orp_pro_id order by count desc limit 10
SQLSTATE[42S02]: Base table or view not found: 1146 Table 'shop_temp.sh_order' doesn't exist
[SQL]SELECT orp_pro_id,count(1) count FROM sh_order left join sh_order_product on ord_id=orp_ord_id inner join sh_product on pro_id=orp_pro_id WHERE 1=1  and ord_status>0 group by orp_pro_id order by count desc limit 10
SQLSTATE[42S02]: Base table or view not found: 1146 Table 'shop_temp.sh_order' doesn't exist
[SQL]SELECT orp_pro_id,count(1) count FROM sh_order left join sh_order_product on ord_id=orp_ord_id inner join sh_product on pro_id=orp_pro_id WHERE 1=1  and ord_status>0 group by orp_pro_id order by count desc limit 10
SQLSTATE[42S02]: Base table or view not found: 1146 Table 'shop_temp.sh_order' doesn't exist
[SQL]SELECT orp_pro_id,count(1) count FROM sh_order left join sh_order_product on ord_id=orp_ord_id inner join sh_product on pro_id=orp_pro_id WHERE 1=1  and ord_status>0 group by orp_pro_id order by count desc limit 10
SQLSTATE[42S02]: Base table or view not found: 1146 Table 'shop_temp.sh_order' doesn't exist
[SQL]SELECT orp_pro_id,count(1) count FROM sh_order left join sh_order_product on ord_id=orp_ord_id inner join sh_product on pro_id=orp_pro_id WHERE 1=1  and ord_status>0 group by orp_pro_id order by count desc limit 10
SQLSTATE[42S02]: Base table or view not found: 1146 Table 'shop_temp.sh_order' doesn't exist
[SQL]SELECT orp_pro_id,count(1) count FROM sh_order left join sh_order_product on ord_id=orp_ord_id inner join sh_product on pro_id=orp_pro_id WHERE 1=1  and ord_status>0 group by orp_pro_id order by count desc limit 10
SQLSTATE[42S02]: Base table or view not found: 1146 Table 'shop_temp.sh_admin' doesn't exist
[SQL]SELECT * FROM sh_admin WHERE 1=1  and adm_username='admin' 
SQLSTATE[42S02]: Base table or view not found: 1146 Table 'shop_temp.sh_admin' doesn't exist
[SQL]SELECT * FROM sh_admin WHERE 1=1  and adm_username='admin' 
SQLSTATE[42S02]: Base table or view not found: 1146 Table 'shop_temp.sh_admin' doesn't exist
[SQL]SELECT * FROM sh_admin WHERE 1=1 order by adm_status desc,adm_atime asc limit 0,16
