SQLSTATE[HY000]: General error: 1364 Field 'ord_id' doesn't have a default value
[SQL]INSERT INTO sh_order (ord_u_id,ord_status,ord_style,ord_money,ord_count,ord_atime,ord_uname,ord_utel,ord_addr,ord_addr_json) VALUES('1','0','1','369','3','1527910296','欧昌宇','15666666666','广东省广州市志成商贸中心402','{"adr_id":"4","adr_u_id":"1","adr_default":"0","adr_nickname":"\\u6b27\\u660c\\u5b87","adr_pc_pid":"19","adr_pc_id":"1901","adr_address":"\\u5fd7\\u6210\\u5546\\u8d38\\u4e2d\\u5fc3402","adr_tel":"15666666666","adr_seq":"99","pc_name":"\\u5e7f\\u5dde\\u5e02","pc_pname":"\\u5e7f\\u4e1c\\u7701"}')
SQLSTATE[HY000]: General error: 1364 Field 'ord_id' doesn't have a default value
[SQL]INSERT INTO sh_order (ord_u_id,ord_status,ord_style,ord_money,ord_count,ord_atime,ord_uname,ord_utel,ord_addr,ord_addr_json) VALUES('1','0','1','369','3','1527910300','欧昌宇','15666666666','广东省广州市志成商贸中心402','{"adr_id":"4","adr_u_id":"1","adr_default":"0","adr_nickname":"\\u6b27\\u660c\\u5b87","adr_pc_pid":"19","adr_pc_id":"1901","adr_address":"\\u5fd7\\u6210\\u5546\\u8d38\\u4e2d\\u5fc3402","adr_tel":"15666666666","adr_seq":"99","pc_name":"\\u5e7f\\u5dde\\u5e02","pc_pname":"\\u5e7f\\u4e1c\\u7701"}')
SQLSTATE[HY000]: General error: 1364 Field 'ord_id' doesn't have a default value
[SQL]INSERT INTO sh_order (ord_u_id,ord_status,ord_style,ord_money,ord_count,ord_atime,ord_uname,ord_utel,ord_addr,ord_addr_json) VALUES('1','0','1','369','3','1527910305','欧昌宇','15666666666','广东省广州市志成商贸中心402','{"adr_id":"4","adr_u_id":"1","adr_default":"0","adr_nickname":"\\u6b27\\u660c\\u5b87","adr_pc_pid":"19","adr_pc_id":"1901","adr_address":"\\u5fd7\\u6210\\u5546\\u8d38\\u4e2d\\u5fc3402","adr_tel":"15666666666","adr_seq":"99","pc_name":"\\u5e7f\\u5dde\\u5e02","pc_pname":"\\u5e7f\\u4e1c\\u7701"}')
SQLSTATE[42S02]: Base table or view not found: 1146 Table 'shop_best.ash_cart' doesn't exist
[SQL]SELECT pro_name,pro_price,car_count,pro_url,car_id,pro_id,car_checked FROM ash_cart left join sh_product sh_product on car_pro_id=pro_id WHERE 1=1 and car_u_id=1 order by car_atime desc
SQLSTATE[42S02]: Base table or view not found: 1146 Table 'shop_best.ash_cart' doesn't exist
[SQL]SELECT pro_name,pro_price,car_count,pro_url,car_id,pro_id,car_checked FROM ash_cart left join sh_product sh_product on car_pro_id=pro_id WHERE 1=1 and car_u_id=1 order by car_atime desc
SQLSTATE[42S02]: Base table or view not found: 1146 Table 'shop_best.ash_cart' doesn't exist
[SQL]SELECT pro_name,pro_price,car_count,pro_url,car_id,pro_id,car_checked FROM ash_cart left join sh_product sh_product on car_pro_id=pro_id WHERE 1=1 and car_u_id=1 order by car_atime desc
SQLSTATE[23000]: Integrity constraint violation: 1062 Duplicate entry '18060001' for key 'PRIMARY'
[SQL]INSERT INTO sh_order (ord_id,ord_u_id,ord_status,ord_style,ord_money,ord_count,ord_atime,ord_uname,ord_utel,ord_addr,ord_addr_json) VALUES('18060001','1','0','-1','123','1','1527911643','欧昌宇','15666666666','广东省广州市白云区三元里大道中1181号志成商贸中心402','{"adr_id":"4","adr_u_id":"1","adr_default":"0","adr_nickname":"\\u6b27\\u660c\\u5b87","adr_pc_pid":"19","adr_pc_id":"1901","adr_address":"\\u767d\\u4e91\\u533a\\u4e09\\u5143\\u91cc\\u5927\\u9053\\u4e2d1181\\u53f7\\u5fd7\\u6210\\u5546\\u8d38\\u4e2d\\u5fc3402","adr_tel":"15666666666","adr_seq":"99","pc_name":"\\u5e7f\\u5dde\\u5e02","pc_pname":"\\u5e7f\\u4e1c\\u7701"}')
SQLSTATE[23000]: Integrity constraint violation: 1062 Duplicate entry '18060001' for key 'PRIMARY'
[SQL]INSERT INTO sh_order (ord_id,ord_u_id,ord_status,ord_style,ord_money,ord_count,ord_atime,ord_uname,ord_utel,ord_addr,ord_addr_json) VALUES('18060001','1','0','-1','123','1','1527911646','欧昌宇','15666666666','广东省广州市白云区三元里大道中1181号志成商贸中心402','{"adr_id":"4","adr_u_id":"1","adr_default":"0","adr_nickname":"\\u6b27\\u660c\\u5b87","adr_pc_pid":"19","adr_pc_id":"1901","adr_address":"\\u767d\\u4e91\\u533a\\u4e09\\u5143\\u91cc\\u5927\\u9053\\u4e2d1181\\u53f7\\u5fd7\\u6210\\u5546\\u8d38\\u4e2d\\u5fc3402","adr_tel":"15666666666","adr_seq":"99","pc_name":"\\u5e7f\\u5dde\\u5e02","pc_pname":"\\u5e7f\\u4e1c\\u7701"}')
SQLSTATE[23000]: Integrity constraint violation: 1062 Duplicate entry '18060001' for key 'PRIMARY'
[SQL]INSERT INTO sh_order (ord_id,ord_u_id,ord_status,ord_style,ord_money,ord_count,ord_atime,ord_uname,ord_utel,ord_addr,ord_addr_json) VALUES('18060001','1','0','-1','123','1','1527911650','欧昌宇','15666666666','广东省广州市白云区三元里大道中1181号志成商贸中心402','{"adr_id":"4","adr_u_id":"1","adr_default":"0","adr_nickname":"\\u6b27\\u660c\\u5b87","adr_pc_pid":"19","adr_pc_id":"1901","adr_address":"\\u767d\\u4e91\\u533a\\u4e09\\u5143\\u91cc\\u5927\\u9053\\u4e2d1181\\u53f7\\u5fd7\\u6210\\u5546\\u8d38\\u4e2d\\u5fc3402","adr_tel":"15666666666","adr_seq":"99","pc_name":"\\u5e7f\\u5dde\\u5e02","pc_pname":"\\u5e7f\\u4e1c\\u7701"}')
SQLSTATE[23000]: Integrity constraint violation: 1062 Duplicate entry '18060001' for key 'PRIMARY'
[SQL]INSERT INTO sh_order (ord_id,ord_u_id,ord_status,ord_style,ord_money,ord_count,ord_atime,ord_uname,ord_utel,ord_addr,ord_addr_json) VALUES('18060001','1','0','-1','123','1','1527911679','欧昌宇','15666666666','广东省广州市白云区三元里大道中1181号志成商贸中心402','{"adr_id":"4","adr_u_id":"1","adr_default":"0","adr_nickname":"\\u6b27\\u660c\\u5b87","adr_pc_pid":"19","adr_pc_id":"1901","adr_address":"\\u767d\\u4e91\\u533a\\u4e09\\u5143\\u91cc\\u5927\\u9053\\u4e2d1181\\u53f7\\u5fd7\\u6210\\u5546\\u8d38\\u4e2d\\u5fc3402","adr_tel":"15666666666","adr_seq":"99","pc_name":"\\u5e7f\\u5dde\\u5e02","pc_pname":"\\u5e7f\\u4e1c\\u7701"}')
SQLSTATE[42S02]: Base table or view not found: 1146 Table 'shop_best.ash_order' doesn't exist
[SQL]SELECT ord_id FROM ash_order WHERE 1=1  and ord_id REGEXP '^1806\d{4}$' order by ord_id desc limit 1
